27/01/24 02/51/21 AM: test_login: test_loginPageTitle: login page title verification is started:
27/01/24 02/51/21 AM: test_login: test_loginPageTitle: This test is passed:
27/01/24 02/55/31 AM: INFO: test_login: test_loginPageTitle: login page title verification is started:
27/01/24 02/55/31 AM: INFO: test_login: test_loginPageTitle: This test is passed:
27/01/24 02/56/01 AM: INFO: test_login: test_loginPageTitle: login page title verification is started:
27/01/24 02/56/01 AM: ERROR: test_login: test_loginPageTitle: Title not found,this test is failed:
27/01/24 08/44/30 PM: INFO: test_login: test_loginPageTitle: login page title verification is started:
27/01/24 08/44/30 PM: INFO: test_login: test_loginPageTitle: This test is passed:
27/01/24 08/44/41 PM: INFO: test_login: test_userLogin: userLogin verification started:
27/01/24 08/44/41 PM: INFO: test_login: test_userLogin: user entered a correct emailID:
27/01/24 08/44/41 PM: INFO: test_login: test_userLogin: user entered a correct password:
27/01/24 08/44/41 PM: INFO: test_login: test_userLogin: user clicked on the login button:
27/01/24 08/44/52 PM: INFO: test_login: test_userLogin: user is successfully logged in:
28:01:24 02::08::51 PM: INFO: test_addCustomer: test_addCustomer: add customer verification is started:
28:01:24 02::09::51 PM: INFO: test_addCustomer: test_addCustomer: userLogin verification started:
28:01:24 02::09::51 PM: INFO: test_addCustomer: test_addCustomer: user entered a correct emailID:
28:01:24 02::09::51 PM: INFO: test_addCustomer: test_addCustomer: user entered a correct password:
28:01:24 02::09::51 PM: INFO: test_addCustomer: test_addCustomer: user clicked on the login button:
28:01:24 02::10::02 PM: INFO: test_addCustomer: test_addCustomer: user is successfully logged in:
28:01:24 02::10::02 PM: INFO: test_addCustomer: test_addCustomer: add customer verification is started:
28:01:24 02::10::04 PM: INFO: test_addCustomer: test_addCustomer: click on the customer link:
28:01:24 02::10::07 PM: INFO: test_addCustomer: test_addCustomer: user navigates to the customer page:
28:01:24 02::10::12 PM: INFO: test_addCustomer: test_addCustomer: user clicked on the add new customer button:
28:01:24 02::10::13 PM: INFO: test_addCustomer: test_addCustomer: user enters a correct emailID:
28:01:24 02::10::15 PM: INFO: test_addCustomer: test_addCustomer: user enters a correct customer first name:
28:01:24 02::10::16 PM: INFO: test_addCustomer: test_addCustomer: user enters the lastname:
28:01:24 02::10::17 PM: INFO: test_addCustomer: test_addCustomer: A correct password is entered:
28:01:24 02::10::19 PM: INFO: test_addCustomer: test_addCustomer: The customer gender is entered:
28:01:24 02::10::21 PM: INFO: test_addCustomer: test_addCustomer: customer DOB is entered:
28:01:24 02::10::23 PM: INFO: test_addCustomer: test_addCustomer: company name is entered:
28:01:24 02::10::24 PM: INFO: test_addCustomer: test_addCustomer: checkbox is selected successfully:
28:01:24 02::13::11 PM: INFO: test_addCustomer: test_addCustomer: userLogin verification started:
28:01:24 02::13::11 PM: INFO: test_addCustomer: test_addCustomer: user entered a correct emailID:
28:01:24 02::13::11 PM: INFO: test_addCustomer: test_addCustomer: user entered a correct password:
28:01:24 02::13::11 PM: INFO: test_addCustomer: test_addCustomer: user clicked on the login button:
28:01:24 02::13::22 PM: INFO: test_addCustomer: test_addCustomer: user is successfully logged in:
28:01:24 02::13::22 PM: INFO: test_addCustomer: test_addCustomer: add customer verification is started:
28:01:24 02::13::24 PM: INFO: test_addCustomer: test_addCustomer: click on the customer link:
28:01:24 02::13::28 PM: INFO: test_addCustomer: test_addCustomer: user navigates to the customer page:
28:01:24 02::13::31 PM: INFO: test_addCustomer: test_addCustomer: user clicked on the add new customer button:
28:01:24 02::13::33 PM: INFO: test_addCustomer: test_addCustomer: user enters a correct emailID:
28:01:24 02::13::34 PM: INFO: test_addCustomer: test_addCustomer: user enters a correct customer first name:
28:01:24 02::13::36 PM: INFO: test_addCustomer: test_addCustomer: user enters the lastname:
28:01:24 02::13::37 PM: INFO: test_addCustomer: test_addCustomer: A correct password is entered:
28:01:24 02::13::38 PM: INFO: test_addCustomer: test_addCustomer: The customer gender is entered:
28:01:24 02::13::41 PM: INFO: test_addCustomer: test_addCustomer: customer DOB is entered:
28:01:24 02::13::43 PM: INFO: test_addCustomer: test_addCustomer: company name is entered:
28:01:24 02::13::44 PM: INFO: test_addCustomer: test_addCustomer: checkbox is selected successfully:
28:01:24 02::19::37 PM: INFO: test_addCustomer: test_addCustomer: userLogin verification started:
28:01:24 02::19::37 PM: INFO: test_addCustomer: test_addCustomer: user entered a correct emailID:
28:01:24 02::19::37 PM: INFO: test_addCustomer: test_addCustomer: user entered a correct password:
28:01:24 02::19::37 PM: INFO: test_addCustomer: test_addCustomer: user clicked on the login button:
28:01:24 02::19::49 PM: INFO: test_addCustomer: test_addCustomer: user is successfully logged in:
28:01:24 02::19::49 PM: INFO: test_addCustomer: test_addCustomer: add customer verification is started:
28:01:24 02::19::51 PM: INFO: test_addCustomer: test_addCustomer: click on the customer link:
28:01:24 02::19::54 PM: INFO: test_addCustomer: test_addCustomer: user navigates to the customer page:
28:01:24 02::19::58 PM: INFO: test_addCustomer: test_addCustomer: user clicked on the add new customer button:
28:01:24 02::19::59 PM: INFO: test_addCustomer: test_addCustomer: user enters a correct emailID:
28:01:24 02::20::01 PM: INFO: test_addCustomer: test_addCustomer: user enters a correct customer first name:
28:01:24 02::20::02 PM: INFO: test_addCustomer: test_addCustomer: user enters the lastname:
28:01:24 02::20::04 PM: INFO: test_addCustomer: test_addCustomer: A correct password is entered:
28:01:24 02::20::05 PM: INFO: test_addCustomer: test_addCustomer: The customer gender is entered:
28:01:24 02::20::07 PM: INFO: test_addCustomer: test_addCustomer: customer DOB is entered:
28:01:24 02::20::10 PM: INFO: test_addCustomer: test_addCustomer: company name is entered:
28:01:24 02::20::11 PM: INFO: test_addCustomer: test_addCustomer: checkbox is selected successfully:
28:01:24 02::22::36 PM: INFO: test_addCustomer: test_addCustomer: userLogin verification started:
28:01:24 02::22::36 PM: INFO: test_addCustomer: test_addCustomer: user entered a correct emailID:
28:01:24 02::22::36 PM: INFO: test_addCustomer: test_addCustomer: user entered a correct password:
28:01:24 02::22::36 PM: INFO: test_addCustomer: test_addCustomer: user clicked on the login button:
28:01:24 02::22::48 PM: INFO: test_addCustomer: test_addCustomer: user is successfully logged in:
28:01:24 02::22::48 PM: INFO: test_addCustomer: test_addCustomer: add customer verification is started:
28:01:24 02::22::51 PM: INFO: test_addCustomer: test_addCustomer: click on the customer link:
28:01:24 02::22::55 PM: INFO: test_addCustomer: test_addCustomer: user navigates to the customer page:
28:01:24 02::22::59 PM: INFO: test_addCustomer: test_addCustomer: user clicked on the add new customer button:
28:01:24 02::23::02 PM: INFO: test_addCustomer: test_addCustomer: user enters a correct emailID:
28:01:24 02::23::04 PM: INFO: test_addCustomer: test_addCustomer: user enters a correct customer first name:
28:01:24 02::23::06 PM: INFO: test_addCustomer: test_addCustomer: user enters the lastname:
28:01:24 02::23::07 PM: INFO: test_addCustomer: test_addCustomer: A correct password is entered:
28:01:24 02::23::09 PM: INFO: test_addCustomer: test_addCustomer: The customer gender is entered:
28:01:24 02::23::11 PM: INFO: test_addCustomer: test_addCustomer: customer DOB is entered:
28:01:24 02::23::14 PM: INFO: test_addCustomer: test_addCustomer: company name is entered:
28:01:24 02::23::17 PM: INFO: test_addCustomer: test_addCustomer: checkbox is selected successfully:
28:01:24 03::21::45 PM: INFO: test_addCustomer: test_addCustomer: userLogin verification started:
28:01:24 03::21::45 PM: INFO: test_addCustomer: test_addCustomer: user entered a correct emailID:
28:01:24 03::21::45 PM: INFO: test_addCustomer: test_addCustomer: user entered a correct password:
28:01:24 03::21::45 PM: INFO: test_addCustomer: test_addCustomer: user clicked on the login button:
28:01:24 03::21::58 PM: INFO: test_addCustomer: test_addCustomer: user is successfully logged in:
28:01:24 03::21::58 PM: INFO: test_addCustomer: test_addCustomer: add customer verification is started:
28:01:24 03::22::00 PM: INFO: test_addCustomer: test_addCustomer: click on the customer link:
28:01:24 03::22::04 PM: INFO: test_addCustomer: test_addCustomer: user navigates to the customer page:
28:01:24 03::22::08 PM: INFO: test_addCustomer: test_addCustomer: user clicked on the add new customer button:
28:01:24 03::22::11 PM: INFO: test_addCustomer: test_addCustomer: user enters a correct emailID:
28:01:24 03::22::13 PM: INFO: test_addCustomer: test_addCustomer: user enters a correct customer first name:
28:01:24 03::22::15 PM: INFO: test_addCustomer: test_addCustomer: user enters the lastname:
28:01:24 03::22::17 PM: INFO: test_addCustomer: test_addCustomer: A correct password is entered:
28:01:24 03::22::18 PM: INFO: test_addCustomer: test_addCustomer: The customer gender is entered:
28:01:24 03::22::20 PM: INFO: test_addCustomer: test_addCustomer: customer DOB is entered:
28:01:24 03::22::23 PM: INFO: test_addCustomer: test_addCustomer: company name is entered:
28:01:24 03::22::26 PM: INFO: test_addCustomer: test_addCustomer: checkbox is selected successfully:
28:01:24 03::22::34 PM: INFO: test_addCustomer: test_addCustomer: customer role is selected:
28:01:24 03::22::39 PM: INFO: test_addCustomer: test_addCustomer: A new customer is created successfully:
28:01:24 03::39::07 PM: INFO: test_addCustomer: test_addCustomer: userLogin verification started:
28:01:24 03::39::07 PM: INFO: test_addCustomer: test_addCustomer: user entered a correct emailID:
28:01:24 03::39::07 PM: INFO: test_addCustomer: test_addCustomer: user entered a correct password:
28:01:24 03::39::07 PM: INFO: test_addCustomer: test_addCustomer: user clicked on the login button:
28:01:24 03::39::19 PM: INFO: test_addCustomer: test_addCustomer: user is successfully logged in:
28:01:24 03::39::19 PM: INFO: test_addCustomer: test_addCustomer: add customer verification is started:
28:01:24 03::39::21 PM: INFO: test_addCustomer: test_addCustomer: click on the customer link:
28:01:24 03::39::25 PM: INFO: test_addCustomer: test_addCustomer: user navigates to the customer page:
28:01:24 03::39::29 PM: INFO: test_addCustomer: test_addCustomer: user clicked on the add new customer button:
28:01:24 03::39::30 PM: INFO: test_addCustomer: test_addCustomer: user enters a correct emailID:
28:01:24 03::39::32 PM: INFO: test_addCustomer: test_addCustomer: user enters a correct customer first name:
28:01:24 03::39::33 PM: INFO: test_addCustomer: test_addCustomer: user enters the lastname:
28:01:24 03::39::34 PM: INFO: test_addCustomer: test_addCustomer: A correct password is entered:
28:01:24 03::39::35 PM: INFO: test_addCustomer: test_addCustomer: The customer gender is entered:
28:01:24 03::39::37 PM: INFO: test_addCustomer: test_addCustomer: customer DOB is entered:
28:01:24 03::39::40 PM: INFO: test_addCustomer: test_addCustomer: company name is entered:
28:01:24 03::39::43 PM: INFO: test_addCustomer: test_addCustomer: checkbox is selected successfully:
28:01:24 03::39::50 PM: INFO: test_addCustomer: test_addCustomer: customer role is selected:
28:01:24 03::39::56 PM: INFO: test_addCustomer: test_addCustomer: A new customer is created successfully:
28:01:24 03::41::52 PM: INFO: test_addCustomer: test_addCustomer: userLogin verification started:
28:01:24 03::41::52 PM: INFO: test_addCustomer: test_addCustomer: user entered a correct emailID:
28:01:24 03::41::52 PM: INFO: test_addCustomer: test_addCustomer: user entered a correct password:
28:01:24 03::41::52 PM: INFO: test_addCustomer: test_addCustomer: user clicked on the login button:
28:01:24 03::42::03 PM: INFO: test_addCustomer: test_addCustomer: user is successfully logged in:
28:01:24 03::42::03 PM: INFO: test_addCustomer: test_addCustomer: add customer verification is started:
28:01:24 03::42::05 PM: INFO: test_addCustomer: test_addCustomer: click on the customer link:
28:01:24 03::42::10 PM: INFO: test_addCustomer: test_addCustomer: user navigates to the customer page:
28:01:24 03::42::13 PM: INFO: test_addCustomer: test_addCustomer: user clicked on the add new customer button:
28:01:24 03::42::15 PM: INFO: test_addCustomer: test_addCustomer: user enters a correct emailID:
28:01:24 03::42::16 PM: INFO: test_addCustomer: test_addCustomer: user enters a correct customer first name:
28:01:24 03::42::17 PM: INFO: test_addCustomer: test_addCustomer: user enters the lastname:
28:01:24 03::42::18 PM: INFO: test_addCustomer: test_addCustomer: A correct password is entered:
28:01:24 03::42::19 PM: INFO: test_addCustomer: test_addCustomer: The customer gender is entered:
28:01:24 03::42::22 PM: INFO: test_addCustomer: test_addCustomer: customer DOB is entered:
28:01:24 03::42::24 PM: INFO: test_addCustomer: test_addCustomer: company name is entered:
28:01:24 03::42::27 PM: INFO: test_addCustomer: test_addCustomer: checkbox is selected successfully:
28:01:24 03::42::34 PM: INFO: test_addCustomer: test_addCustomer: customer role is selected:
28:01:24 04::15::37 PM: INFO: test_addCustomer: test_addCustomer: userLogin verification started:
28:01:24 04::15::37 PM: INFO: test_addCustomer: test_addCustomer: user entered a correct emailID:
28:01:24 04::15::37 PM: INFO: test_addCustomer: test_addCustomer: user entered a correct password:
28:01:24 04::15::37 PM: INFO: test_addCustomer: test_addCustomer: user clicked on the login button:
28:01:24 04::15::50 PM: INFO: test_addCustomer: test_addCustomer: user is successfully logged in:
28:01:24 04::15::50 PM: INFO: test_addCustomer: test_addCustomer: add customer verification is started:
28:01:24 04::15::52 PM: INFO: test_addCustomer: test_addCustomer: click on the customer link:
28:01:24 04::15::55 PM: INFO: test_addCustomer: test_addCustomer: user navigates to the customer page:
28:01:24 04::15::59 PM: INFO: test_addCustomer: test_addCustomer: user clicked on the add new customer button:
28:01:24 04::16::00 PM: INFO: test_addCustomer: test_addCustomer: user enters a correct emailID:
28:01:24 04::16::01 PM: INFO: test_addCustomer: test_addCustomer: user enters a correct customer first name:
28:01:24 04::16::02 PM: INFO: test_addCustomer: test_addCustomer: user enters the lastname:
28:01:24 04::16::04 PM: INFO: test_addCustomer: test_addCustomer: A correct password is entered:
28:01:24 04::16::05 PM: INFO: test_addCustomer: test_addCustomer: The customer gender is entered:
28:01:24 04::16::07 PM: INFO: test_addCustomer: test_addCustomer: customer DOB is entered:
28:01:24 04::16::09 PM: INFO: test_addCustomer: test_addCustomer: company name is entered:
28:01:24 04::16::12 PM: INFO: test_addCustomer: test_addCustomer: checkbox is selected successfully:
28:01:24 04::16::19 PM: INFO: test_addCustomer: test_addCustomer: customer role is selected:
28:01:24 04::16::26 PM: INFO: test_addCustomer: test_addCustomer: A new customer is created successfully:
28:01:24 04::17::18 PM: INFO: test_addCustomer: test_addCustomer: userLogin verification started:
28:01:24 04::17::18 PM: INFO: test_addCustomer: test_addCustomer: user entered a correct emailID:
28:01:24 04::17::18 PM: INFO: test_addCustomer: test_addCustomer: user entered a correct password:
28:01:24 04::17::18 PM: INFO: test_addCustomer: test_addCustomer: user clicked on the login button:
28:01:24 04::17::29 PM: INFO: test_addCustomer: test_addCustomer: user is successfully logged in:
28:01:24 04::17::29 PM: INFO: test_addCustomer: test_addCustomer: add customer verification is started:
28:01:24 04::17::31 PM: INFO: test_addCustomer: test_addCustomer: click on the customer link:
28:01:24 04::17::38 PM: INFO: test_addCustomer: test_addCustomer: user navigates to the customer page:
28:01:24 04::17::43 PM: INFO: test_addCustomer: test_addCustomer: user clicked on the add new customer button:
28:01:24 04::17::44 PM: INFO: test_addCustomer: test_addCustomer: user enters a correct emailID:
28:01:24 04::17::46 PM: INFO: test_addCustomer: test_addCustomer: user enters a correct customer first name:
28:01:24 04::17::47 PM: INFO: test_addCustomer: test_addCustomer: user enters the lastname:
28:01:24 04::17::48 PM: INFO: test_addCustomer: test_addCustomer: A correct password is entered:
28:01:24 04::17::49 PM: INFO: test_addCustomer: test_addCustomer: The customer gender is entered:
28:01:24 04::17::51 PM: INFO: test_addCustomer: test_addCustomer: customer DOB is entered:
28:01:24 04::17::53 PM: INFO: test_addCustomer: test_addCustomer: company name is entered:
28:01:24 04::17::56 PM: INFO: test_addCustomer: test_addCustomer: checkbox is selected successfully:
28:01:24 04::18::04 PM: INFO: test_addCustomer: test_addCustomer: customer role is selected:
28:01:24 04::18::11 PM: INFO: test_addCustomer: test_addCustomer: A new customer is created successfully:
